<?xml version="1.0" encoding="UTF-8"?>
<testsuite xmlns:xsi="http://www.w3.org/2001/XMLSchema-instance" xsi:noNamespaceSchemaLocation="https://maven.apache.org/surefire/maven-surefire-plugin/xsd/surefire-test-report-3.0.xsd" version="3.0" name="TestSuite" time="155.044" tests="9" errors="0" skipped="0" failures="1">
  <properties>
[...]
</properties>
  <testcase name="runScenario[&quot;Comprar solo un producto&quot;, &quot;Comprar articulo con una tarjeta de Credito&quot;](1)" classname="Support.runTest" time="26.032">
    <system-err><![CDATA[nov 06, 2022 9:43:38 PM io.cucumber.core.options.CucumberPropertiesParser parse
ADVERTENCIA: Passing commandline options via the property `cucumber.options` has been deprecatedin favour of explicitly using property names.
Please use these instead: [cucumber.ansi-colors.disabled, cucumber.execution.dry-run, cucumber.execution.limit, cucumber.execution.order, cucumber.execution.strict, cucumber.execution.wip, cucumber.features, cucumber.filter.name, cucumber.filter.tags, cucumber.glue, cucumber.object-factory, cucumber.plugin, cucumber.snippet-type]
nov 06, 2022 9:43:38 PM io.cucumber.core.options.CucumberPropertiesParser parse
ADVERTENCIA: Passing commandline options via the property `cucumber.options` has been deprecatedin favour of explicitly using property names.
Please use these instead: [cucumber.ansi-colors.disabled, cucumber.execution.dry-run, cucumber.execution.limit, cucumber.execution.order, cucumber.execution.strict, cucumber.execution.wip, cucumber.features, cucumber.filter.name, cucumber.filter.tags, cucumber.glue, cucumber.object-factory, cucumber.plugin, cucumber.snippet-type]
nov 06, 2022 9:43:38 PM io.cucumber.testng.TestNGCucumberRunner <init>
ADVERTENCIA: By default Cucumber is running in --non-strict mode.
This default will change to --strict and --non-strict will be removed.
You can use --strict or @CucumberOptions(strict = true) to suppress this warning
nov 06, 2022 9:43:38 PM io.cucumber.testng.TestNGCucumberRunner <init>
ADVERTENCIA: By default Cucumber is running in --non-strict mode.
This default will change to --strict and --non-strict will be removed.
You can use --strict or @CucumberOptions(strict = true) to suppress this warning
SLF4J: Failed to load class "org.slf4j.impl.StaticLoggerBinder".
SLF4J: Defaulting to no-operation (NOP) logger implementation
SLF4J: See http://www.slf4j.org/codes.html#StaticLoggerBinder for further details.
Starting ChromeDriver 107.0.5304.62 (1eec40d3a5764881c92085aaee66d25075c159aa-refs/bSrtaarncth-ihneagd s/C5h30r4o@{m#e94D2}r)i ovne pro r1t 03738.202.
5O3nl0y 4l.oc6al2  co(n1neecteicon4s0 adr3e aa5l7l6o4we8d8.1
cP9le2a0se8 s5eae ahetet6ps://6cdh2ro5me0d7r5ic1ve59r.aach-rroemfis/ubmr.oarncgh/-sehecuardist/y5-3c0o4@n{s#i9d42e}r) aotni poonrts 4 4f86o0r
 Osnluyg lgoecsalt icoonnnse ctoino nkeepisn ga rCeh raomlelDoriwveerd .saf
eP.l
ease see https://chromedriver.chromium.org/security-considerations for suggestions on keeping ChromeDriver safe.
ChromeDriver was started successfully.
ChromeDriver was started successfully.
nov 06, 2022 9:43:43 PM org.openqa.selenium.remote.ProtocolHandshake createSession
INFORMACIÓN: Detected dialect: W3C
nov 06, 2022 9:43:43 PM org.openqa.selenium.remote.ProtocolHandshake createSession
INFORMACIÓN: Detected dialect: W3C
]]></system-err>
  </testcase>
  <testcase name="runScenario[&quot;Comprar solo un producto&quot;, &quot;Comprar articulo con una tarjeta de Credito&quot;](1)" classname="Support.runTest" time="0.661">
    <system-err><![CDATA[Starting Microsoft Edge WebDriver 107.0.1418.35 (806ca5c53c4f7495ba45feaf2b3355caf96d7f74) on port 3166
To submit feedback, report a bug, or suggest new features, please visit https://github.com/MicrosoftEdge/EdgeWebDriver

Only local connections are allowed.
Please see https://aka.ms/WebDriverSecurity for suggestions on keeping Microsoft Edge WebDriver safe.

]]></system-err>
  </testcase>
  <testcase name="runScenario[&quot;Comprar solo un producto&quot;, &quot;Comprar articulo con una tarjeta de Credito&quot;](1)" classname="Support.runTest" time="16.509">
    <system-out><![CDATA[
3 Scenarios (&amp#27;[32m3 passed&amp#27;[0m)
21 Steps (&amp#27;[32m21 passed&amp#27;[0m)
1m30,315s


]]></system-out>
    <system-err><![CDATA[1667785510252	RemoteAgent	WARN	TLS certificate errors will be ignored for this session
console.warn: SearchSettings: "get: No settings file exists, new profile?" (new NotFoundError("Could not open the file at C:\\Users\\MARCO\\AppData\\Local\\Temp\\rust_mozprofilenfjfXs\\search.json.mozlz4", (void 0)))
nov 06, 2022 9:45:12 PM org.openqa.selenium.remote.ProtocolHandshake createSession
INFORMACIÓN: Detected dialect: W3C
JavaScript warning: https://pagead2.googlesyndication.com/bg/HZrunHRjvTX5MIeL6Ibl7iJKqMmAAzHWmbkaKM7M3x0.js line 2 > eval line 7773 > eval line 1 > eval line 1 > eval, line 1: WEBGL_debug_renderer_info is deprecated in Firefox and will be removed. Please use RENDERER.
JavaScript error: , line 0: TypeError: NetworkError when attempting to fetch resource.
console.warn: LoginRecipes: "Falling back to a synchronous message for: https://demo.guru99.com."
1667785522668	Marionette	INFO	Stopped listening on port 64480
]]></system-err>
  </testcase>
  <testcase name="runScenario[&quot;Cuando Realizo una compra de productos&quot;, &quot;Comprar articulo con una tarjeta de Credito&quot;](2)" classname="Support.runTest" time="27.013">
    <failure message="unexpected alert open: {Alert text : Check card number is 16 digits!}&#10;  (Session info: chrome=107.0.5304.88): Check card number is 16 digits!&#10;Build info: version: &apos;3.141.59&apos;, revision: &apos;e82be7d358&apos;, time: &apos;2018-11-14T08:17:03&apos;&#10;System info: host: &apos;DESKTOP-T84OJOU&apos;, ip: &apos;192.168.0.13&apos;, os.name: &apos;Windows 8.1&apos;, os.arch: &apos;amd64&apos;, os.version: &apos;6.3&apos;, java.version: &apos;1.8.0_31&apos;&#10;Driver info: org.openqa.selenium.chrome.ChromeDriver&#10;Capabilities {acceptInsecureCerts: false, browserName: chrome, browserVersion: 107.0.5304.88, chrome: {chromedriverVersion: 107.0.5304.62 (1eec40d3a576..., userDataDir: C:\Users\MARCO\AppData\Loca...}, goog:chromeOptions: {debuggerAddress: localhost:63985}, javascriptEnabled: true, networkConnectionEnabled: false, pageLoadStrategy: normal, platform: WINDOWS, platformName: WINDOWS, proxy: Proxy(), setWindowRect: true, strictFileInteractability: false, timeouts: {implicit: 0, pageLoad: 300000, script: 30000}, unhandledPromptBehavior: dismiss and notify, webauthn:extension:credBlob: true, webauthn:extension:largeBlob: true, webauthn:virtualAuthenticators: true}&#10;Session ID: 9ee6246fef24d6a9ba81326aa1e343b0&#10;*** Element info: {Using=xpath, value=//h2[1]}" type="org.openqa.selenium.UnhandledAlertException"><![CDATA[org.openqa.selenium.UnhandledAlertException: 
unexpected alert open: {Alert text : Check card number is 16 digits!}
  (Session info: chrome=107.0.5304.88): Check card number is 16 digits!
Build info: version: '3.141.59', revision: 'e82be7d358', time: '2018-11-14T08:17:03'
System info: host: 'DESKTOP-T84OJOU', ip: '192.168.0.13', os.name: 'Windows 8.1', os.arch: 'amd64', os.version: '6.3', java.version: '1.8.0_31'
Driver info: org.openqa.selenium.chrome.ChromeDriver
Capabilities {acceptInsecureCerts: false, browserName: chrome, browserVersion: 107.0.5304.88, chrome: {chromedriverVersion: 107.0.5304.62 (1eec40d3a576..., userDataDir: C:\Users\MARCO\AppData\Loca...}, goog:chromeOptions: {debuggerAddress: localhost:63985}, javascriptEnabled: true, networkConnectionEnabled: false, pageLoadStrategy: normal, platform: WINDOWS, platformName: WINDOWS, proxy: Proxy(), setWindowRect: true, strictFileInteractability: false, timeouts: {implicit: 0, pageLoad: 300000, script: 30000}, unhandledPromptBehavior: dismiss and notify, webauthn:extension:credBlob: true, webauthn:extension:largeBlob: true, webauthn:virtualAuthenticators: true}
Session ID: 9ee6246fef24d6a9ba81326aa1e343b0
*** Element info: {Using=xpath, value=//h2[1]}
]]></failure>
    <system-out><![CDATA[totalCalculado= 20.0  totalDesplegado= 20.0
totalCalculado= 20.0  totalDesplegado= 20.0
]]></system-out>
    <system-err><![CDATA[Starting ChromeDriver 107.0.5304.62 (1eec40d3a5764881c92085aaee66d25075c159aa-refs/branch-heads/5304@{#942}) on port 31168
Only local connections are allowed.
Please see https://chromedriver.chromium.org/security-considerations for suggestions on keeping ChromeDriver safe.
ChromeDriver was started successfully.
Microsoft Edge WebDriver was started successfully.
nov 06, 2022 9:44:08 PM org.openqa.selenium.remote.ProtocolHandshake createSession
INFORMACIÓN: Detected dialect: W3C
nov 06, 2022 9:44:10 PM org.openqa.selenium.remote.ProtocolHandshake createSession
INFORMACIÓN: Detected dialect: W3C
]]></system-err>
  </testcase>
  <testcase name="runScenario[&quot;Cuando Realizo una compra de productos&quot;, &quot;Comprar articulo con una tarjeta de Credito&quot;](2)" classname="Support.runTest" time="4.83">
    <system-err><![CDATA[Starting ChromeDriver 107.0.5304.62 (1eec40d3a5764881c92085aaee66d25075c159aa-refs/branch-heads/5304@{#942}) on port 10524
Only local connections are allowed.
Please see https://chromedriver.chromium.org/security-considerations for suggestions on keeping ChromeDriver safe.
ChromeDriver was started successfully.
nov 06, 2022 9:44:35 PM org.openqa.selenium.remote.ProtocolHandshake createSession
INFORMACIÓN: Detected dialect: W3C
]]></system-err>
  </testcase>
  <testcase name="runScenario[&quot;Cuando Realizo una compra de productos&quot;, &quot;Comprar articulo con una tarjeta de Credito&quot;](2)" classname="Support.runTest" time="23.942">
    <system-out><![CDATA[totalCalculado= 20.0  totalDesplegado= 20.0
]]></system-out>
    <system-err><![CDATA[1667785524334	geckodriver	INFO	Listening on 127.0.0.1:39017
1667785524842	mozrunner::runner	INFO	Running command: "C:\\Program Files\\Mozilla Firefox\\firefox.exe" "--marionette" "-no-remote" "-profile" "C:\\Users\\MARCO\\AppData\\Local\\Temp\\rust_mozprofile943Mnl"
1667785525458	Marionette	INFO	Marionette enabled
1667785525466	Marionette	INFO	Listening on port 64622
Read port: 64622
1667785525988	RemoteAgent	WARN	TLS certificate errors will be ignored for this session
console.warn: SearchSettings: "get: No settings file exists, new profile?" (new NotFoundError("Could not open the file at C:\\Users\\MARCO\\AppData\\Local\\Temp\\rust_mozprofile943Mnl\\search.json.mozlz4", (void 0)))
nov 06, 2022 9:45:28 PM org.openqa.selenium.remote.ProtocolHandshake createSession
INFORMACIÓN: Detected dialect: W3C
JavaScript warning: https://pagead2.googlesyndication.com/bg/HZrunHRjvTX5MIeL6Ibl7iJKqMmAAzHWmbkaKM7M3x0.js line 2 > eval line 7130 > eval line 1 > eval line 1 > eval, line 1: WEBGL_debug_renderer_info is deprecated in Firefox and will be removed. Please use RENDERER.
JavaScript warning: https://pagead2.googlesyndication.com/bg/HZrunHRjvTX5MIeL6Ibl7iJKqMmAAzHWmbkaKM7M3x0.js line 2 > eval line 1399 > eval line 1 > eval line 1 > eval, line 1: WEBGL_debug_renderer_info is deprecated in Firefox and will be removed. Please use RENDERER.
console.warn: LoginRecipes: "Falling back to a synchronous message for: https://demo.guru99.com."
JavaScript warning: https://pagead2.googlesyndication.com/bg/HZrunHRjvTX5MIeL6Ibl7iJKqMmAAzHWmbkaKM7M3x0.js line 2 > eval line 6323 > eval line 1 > eval line 1 > eval, line 1: WEBGL_debug_renderer_info is deprecated in Firefox and will be removed. Please use RENDERER.
console.warn: LoginRecipes: "Falling back to a synchronous message for: https://demo.guru99.com."
JavaScript warning: https://pagead2.googlesyndication.com/bg/HZrunHRjvTX5MIeL6Ibl7iJKqMmAAzHWmbkaKM7M3x0.js line 2 > eval line 6173 > eval line 1 > eval line 1 > eval, line 1: WEBGL_debug_renderer_info is deprecated in Firefox and will be removed. Please use RENDERER.
JavaScript warning: https://pagead2.googlesyndication.com/bg/HZrunHRjvTX5MIeL6Ibl7iJKqMmAAzHWmbkaKM7M3x0.js line 2 > eval line 2151 > eval line 1 > eval line 1 > eval, line 1: WEBGL_debug_renderer_info is deprecated in Firefox and will be removed. Please use RENDERER.
1667785546234	Marionette	INFO	Stopped listening on port 64622
]]></system-err>
  </testcase>
  <testcase name="runScenario[&quot;Cuando Realizo una compra de productos&quot;, &quot;Comprar articulo con una tarjeta de Credito&quot;](3)" classname="Support.runTest" time="29.574">
    <system-out><![CDATA[totalCalculado= 80.0  totalDesplegado= 80.0
totalCalculado= 80.0  totalDesplegado= 80.0
]]></system-out>
    <system-err><![CDATA[Starting Microsoft Edge WebDriver 107.0.1418.35 (806ca5c53c4f7495ba45feaf2b3355caf96d7f74) on port 14849
To submit feedback, report a bug, or suggest new features, please visit https://github.com/MicrosoftEdge/EdgeWebDriver

Only local connections are allowed.
Please see https://aka.ms/WebDriverSecurity for suggestions on keeping Microsoft Edge WebDriver safe.

Microsoft Edge WebDriver was started successfully.
nov 06, 2022 9:44:41 PM org.openqa.selenium.remote.ProtocolHandshake createSession
INFORMACIÓN: Detected dialect: W3C
]]></system-err>
  </testcase>
  <testcase name="runScenario[&quot;Cuando Realizo una compra de productos&quot;, &quot;Comprar articulo con una tarjeta de Credito&quot;](3)" classname="Support.runTest" time="2.186">
    <system-out><![CDATA[
&amp#27;[31mFailed scenarios:&amp#27;[0m
&amp#27;[31mfile:///D:/Banco%20Fassil/Practica%20Selenium/src/test/resources/features/carrito.feature:26&amp#27;[0m# Cuando Realizo una compra de productos

3 Scenarios (&amp#27;[31m1 failed&amp#27;[0m, &amp#27;[32m2 passed&amp#27;[0m)
21 Steps (&amp#27;[31m1 failed&amp#27;[0m, &amp#27;[32m20 passed&amp#27;[0m)
1m27,947s


org.openqa.selenium.UnhandledAlertException: unexpected alert open: {Alert text : Check card number is 16 digits!}
  (Session info: chrome=107.0.5304.88): Check card number is 16 digits!
Build info: version: '3.141.59', revision: 'e82be7d358', time: '2018-11-14T08:17:03'
System info: host: 'DESKTOP-T84OJOU', ip: '192.168.0.13', os.name: 'Windows 8.1', os.arch: 'amd64', os.version: '6.3', java.version: '1.8.0_31'
Driver info: org.openqa.selenium.chrome.ChromeDriver
Capabilities {acceptInsecureCerts: false, browserName: chrome, browserVersion: 107.0.5304.88, chrome: {chromedriverVersion: 107.0.5304.62 (1eec40d3a576..., userDataDir: C:\Users\MARCO\AppData\Loca...}, goog:chromeOptions: {debuggerAddress: localhost:63985}, javascriptEnabled: true, networkConnectionEnabled: false, pageLoadStrategy: normal, platform: WINDOWS, platformName: WINDOWS, proxy: Proxy(), setWindowRect: true, strictFileInteractability: false, timeouts: {implicit: 0, pageLoad: 300000, script: 30000}, unhandledPromptBehavior: dismiss and notify, webauthn:extension:credBlob: true, webauthn:extension:largeBlob: true, webauthn:virtualAuthenticators: true}
Session ID: 9ee6246fef24d6a9ba81326aa1e343b0
*** Element info: {Using=xpath, value=//h2[1]}
	at org.openqa.selenium.remote.http.W3CHttpResponseCodec.decode(W3CHttpResponseCodec.java:120)
	at org.openqa.selenium.remote.http.W3CHttpResponseCodec.decode(W3CHttpResponseCodec.java:49)
	at org.openqa.selenium.remote.HttpCommandExecutor.execute(HttpCommandExecutor.java:158)
	at org.openqa.selenium.remote.service.DriverCommandExecutor.execute(DriverCommandExecutor.java:83)
	at org.openqa.selenium.remote.RemoteWebDriver.execute(RemoteWebDriver.java:552)
	at org.openqa.selenium.remote.RemoteWebDriver.findElement(RemoteWebDriver.java:323)
	at org.openqa.selenium.remote.RemoteWebDriver.findElementByXPath(RemoteWebDriver.java:428)
	at org.openqa.selenium.By$ByXPath.findElement(By.java:353)
	at org.openqa.selenium.remote.RemoteWebDriver.findElement(RemoteWebDriver.java:315)
	at Support.Control.findControl(Control.java:31)
	at Support.Control.isEquals(Control.java:42)
	at PageObjects.CapturarRegistroCompraPage.leerPagoExitoso(CapturarRegistroCompraPage.java:9)
	at Definitions.CarritoDefinitions.validoElPagoExitoso(CarritoDefinitions.java:89)
	at ?.Valido el pago exitoso "Payment successfull!"(file:///D:/Banco%20Fassil/Practica%20Selenium/src/test/resources/features/carrito.feature:23)

java.lang.NullPointerException
	at Definitions.Hooks.tearDown(Hooks.java:53)


]]></system-out>
    <system-err><![CDATA[nov 06, 2022 9:45:07 PM io.cucumber.core.options.CucumberPropertiesParser parse
ADVERTENCIA: Passing commandline options via the property `cucumber.options` has been deprecatedin favour of explicitly using property names.
Please use these instead: [cucumber.ansi-colors.disabled, cucumber.execution.dry-run, cucumber.execution.limit, cucumber.execution.order, cucumber.execution.strict, cucumber.execution.wip, cucumber.features, cucumber.filter.name, cucumber.filter.tags, cucumber.glue, cucumber.object-factory, cucumber.plugin, cucumber.snippet-type]
nov 06, 2022 9:45:07 PM io.cucumber.testng.TestNGCucumberRunner <init>
ADVERTENCIA: By default Cucumber is running in --non-strict mode.
This default will change to --strict and --non-strict will be removed.
You can use --strict or @CucumberOptions(strict = true) to suppress this warning
1667785507870	geckodriver	INFO	Listening on 127.0.0.1:8969
1667785508409	mozrunner::runner	INFO	Running command: "C:\\Program Files\\Mozilla Firefox\\firefox.exe" "--marionette" "-no-remote" "-profile" "C:\\Users\\MARCO\\AppData\\Local\\Temp\\rust_mozprofilenfjfXs"
1667785509598	Marionette	INFO	Marionette enabled
1667785509606	Marionette	INFO	Listening on port 64480
Read port: 64480
]]></system-err>
  </testcase>
  <testcase name="runScenario[&quot;Cuando Realizo una compra de productos&quot;, &quot;Comprar articulo con una tarjeta de Credito&quot;](3)" classname="Support.runTest" time="24.554">
    <system-out><![CDATA[totalCalculado= 80.0  totalDesplegado= 80.0
]]></system-out>
    <system-err><![CDATA[1667785548320	geckodriver	INFO	Listening on 127.0.0.1:15555
1667785548839	mozrunner::runner	INFO	Running command: "C:\\Program Files\\Mozilla Firefox\\firefox.exe" "--marionette" "-no-remote" "-profile" "C:\\Users\\MARCO\\AppData\\Local\\Temp\\rust_mozprofileuekwaG"
1667785549463	Marionette	INFO	Marionette enabled
1667785549469	Marionette	INFO	Listening on port 64821
Read port: 64821
1667785549917	RemoteAgent	WARN	TLS certificate errors will be ignored for this session
console.warn: SearchSettings: "get: No settings file exists, new profile?" (new NotFoundError("Could not open the file at C:\\Users\\MARCO\\AppData\\Local\\Temp\\rust_mozprofileuekwaG\\search.json.mozlz4", (void 0)))
nov 06, 2022 9:45:52 PM org.openqa.selenium.remote.ProtocolHandshake createSession
INFORMACIÓN: Detected dialect: W3C
JavaScript warning: https://pagead2.googlesyndication.com/bg/HZrunHRjvTX5MIeL6Ibl7iJKqMmAAzHWmbkaKM7M3x0.js line 2 > eval line 3384 > eval line 1 > eval line 1 > eval, line 1: WEBGL_debug_renderer_info is deprecated in Firefox and will be removed. Please use RENDERER.
JavaScript warning: https://pagead2.googlesyndication.com/bg/HZrunHRjvTX5MIeL6Ibl7iJKqMmAAzHWmbkaKM7M3x0.js line 2 > eval line 6852 > eval line 1 > eval line 1 > eval, line 1: WEBGL_debug_renderer_info is deprecated in Firefox and will be removed. Please use RENDERER.
JavaScript warning: https://pagead2.googlesyndication.com/bg/HZrunHRjvTX5MIeL6Ibl7iJKqMmAAzHWmbkaKM7M3x0.js line 2 > eval line 1005 > eval line 1 > eval line 1 > eval, line 1: WEBGL_debug_renderer_info is deprecated in Firefox and will be removed. Please use RENDERER.
console.warn: LoginRecipes: "Falling back to a synchronous message for: https://demo.guru99.com."
JavaScript warning: https://pagead2.googlesyndication.com/bg/HZrunHRjvTX5MIeL6Ibl7iJKqMmAAzHWmbkaKM7M3x0.js line 2 > eval line 4950 > eval line 1 > eval line 1 > eval, line 1: WEBGL_debug_renderer_info is deprecated in Firefox and will be removed. Please use RENDERER.
JavaScript warning: https://pagead2.googlesyndication.com/bg/HZrunHRjvTX5MIeL6Ibl7iJKqMmAAzHWmbkaKM7M3x0.js line 2 > eval line 5270 > eval line 1 > eval line 1 > eval, line 1: WEBGL_debug_renderer_info is deprecated in Firefox and will be removed. Please use RENDERER.
console.warn: LoginRecipes: "Falling back to a synchronous message for: https://demo.guru99.com."
JavaScript warning: https://pagead2.googlesyndication.com/bg/HZrunHRjvTX5MIeL6Ibl7iJKqMmAAzHWmbkaKM7M3x0.js line 2 > eval line 4521 > eval line 1 > eval line 1 > eval, line 1: WEBGL_debug_renderer_info is deprecated in Firefox and will be removed. Please use RENDERER.
1667785571084	Marionette	INFO	Stopped listening on port 64821
]]></system-err>
  </testcase>
</testsuite>