<?xml version="1.0" encoding="UTF-8"?>
<testng-results skipped="0" failed="2" ignored="0" total="9" passed="7">
  <reporter-output>
  </reporter-output>
  <suite name="SuiteMarco" duration-ms="596760" started-at="2022-11-02T08:43:04 BOT" finished-at="2022-11-02T08:53:01 BOT">
    <groups>
      <group name="cucumber">
        <method signature="AbstractTestNGCucumberTests.runScenario(io.cucumber.testng.PickleWrapper, io.cucumber.testng.FeatureWrapper)[pri:0, instance:Support.runTest@1a3869f4]" name="runScenario" class="io.cucumber.testng.AbstractTestNGCucumberTests"/>
        <method signature="AbstractTestNGCucumberTests.runScenario(io.cucumber.testng.PickleWrapper, io.cucumber.testng.FeatureWrapper)[pri:0, instance:Support.runTest@43bd930a]" name="runScenario" class="io.cucumber.testng.AbstractTestNGCucumberTests"/>
        <method signature="AbstractTestNGCucumberTests.runScenario(io.cucumber.testng.PickleWrapper, io.cucumber.testng.FeatureWrapper)[pri:0, instance:Support.runTest@cb0ed20]" name="runScenario" class="io.cucumber.testng.AbstractTestNGCucumberTests"/>
      </group> <!-- cucumber -->
    </groups>
    <test name="Test Chrome" duration-ms="94165" started-at="2022-11-02T08:43:04 BOT" finished-at="2022-11-02T08:44:38 BOT">
      <class name="Support.runTest">
        <test-method status="PASS" signature="setUpScenario(java.lang.String)[pri:0, instance:Support.runTest@1a3869f4]" name="setUpScenario" is-config="true" duration-ms="24" started-at="2022-11-02T08:43:04 BOT" finished-at="2022-11-02T08:43:04 BOT">
          <params>
            <param index="0">
              <value>
                <![CDATA[Chrome]]>
              </value>
            </param>
          </params>
          <reporter-output>
          </reporter-output>
        </test-method> <!-- setUpScenario -->
        <test-method status="PASS" signature="setUpClass()[pri:0, instance:Support.runTest@1a3869f4]" name="setUpClass" is-config="true" duration-ms="1177" started-at="2022-11-02T08:43:04 BOT" finished-at="2022-11-02T08:43:05 BOT">
          <reporter-output>
          </reporter-output>
        </test-method> <!-- setUpClass -->
        <test-method status="PASS" signature="runScenario(io.cucumber.testng.PickleWrapper, io.cucumber.testng.FeatureWrapper)[pri:0, instance:Support.runTest@1a3869f4]" name="runScenario" duration-ms="30106" started-at="2022-11-02T08:43:05 BOT" description="Runs Cucumber Scenarios" data-provider="scenarios" finished-at="2022-11-02T08:43:35 BOT">
          <params>
            <param index="0">
              <value>
                <![CDATA["Comprar solo un producto"]]>
              </value>
            </param>
            <param index="1">
              <value>
                <![CDATA["Comprar articulo con una tarjeta de Credito"]]>
              </value>
            </param>
          </params>
          <reporter-output>
          </reporter-output>
        </test-method> <!-- runScenario -->
        <test-method status="PASS" signature="runScenario(io.cucumber.testng.PickleWrapper, io.cucumber.testng.FeatureWrapper)[pri:0, instance:Support.runTest@1a3869f4]" name="runScenario" duration-ms="27535" started-at="2022-11-02T08:43:35 BOT" description="Runs Cucumber Scenarios" data-provider="scenarios" finished-at="2022-11-02T08:44:03 BOT">
          <params>
            <param index="0">
              <value>
                <![CDATA["Cuando Realizo una compra de productos"]]>
              </value>
            </param>
            <param index="1">
              <value>
                <![CDATA["Comprar articulo con una tarjeta de Credito"]]>
              </value>
            </param>
          </params>
          <reporter-output>
          </reporter-output>
        </test-method> <!-- runScenario -->
        <test-method status="PASS" signature="runScenario(io.cucumber.testng.PickleWrapper, io.cucumber.testng.FeatureWrapper)[pri:0, instance:Support.runTest@1a3869f4]" name="runScenario" duration-ms="35236" started-at="2022-11-02T08:44:03 BOT" description="Runs Cucumber Scenarios" data-provider="scenarios" finished-at="2022-11-02T08:44:38 BOT">
          <params>
            <param index="0">
              <value>
                <![CDATA["Cuando Realizo una compra de productos"]]>
              </value>
            </param>
            <param index="1">
              <value>
                <![CDATA["Comprar articulo con una tarjeta de Credito"]]>
              </value>
            </param>
          </params>
          <reporter-output>
          </reporter-output>
        </test-method> <!-- runScenario -->
        <test-method status="PASS" signature="tearDownClass()[pri:0, instance:Support.runTest@1a3869f4]" name="tearDownClass" is-config="true" duration-ms="3" started-at="2022-11-02T08:44:38 BOT" finished-at="2022-11-02T08:44:38 BOT">
          <reporter-output>
          </reporter-output>
        </test-method> <!-- tearDownClass -->
      </class> <!-- Support.runTest -->
    </test> <!-- Test Chrome -->
    <test name="Test Edge" duration-ms="66509" started-at="2022-11-02T08:44:38 BOT" finished-at="2022-11-02T08:45:44 BOT">
      <class name="Support.runTest">
        <test-method status="PASS" signature="setUpScenario(java.lang.String)[pri:0, instance:Support.runTest@43bd930a]" name="setUpScenario" is-config="true" duration-ms="0" started-at="2022-11-02T08:44:38 BOT" finished-at="2022-11-02T08:44:38 BOT">
          <params>
            <param index="0">
              <value>
                <![CDATA[Internet Explorer]]>
              </value>
            </param>
          </params>
          <reporter-output>
          </reporter-output>
        </test-method> <!-- setUpScenario -->
        <test-method status="PASS" signature="setUpClass()[pri:0, instance:Support.runTest@43bd930a]" name="setUpClass" is-config="true" duration-ms="16" started-at="2022-11-02T08:44:38 BOT" finished-at="2022-11-02T08:44:38 BOT">
          <reporter-output>
          </reporter-output>
        </test-method> <!-- setUpClass -->
        <test-method status="PASS" signature="runScenario(io.cucumber.testng.PickleWrapper, io.cucumber.testng.FeatureWrapper)[pri:0, instance:Support.runTest@43bd930a]" name="runScenario" duration-ms="18249" started-at="2022-11-02T08:44:38 BOT" description="Runs Cucumber Scenarios" data-provider="scenarios" finished-at="2022-11-02T08:44:56 BOT">
          <params>
            <param index="0">
              <value>
                <![CDATA["Comprar solo un producto"]]>
              </value>
            </param>
            <param index="1">
              <value>
                <![CDATA["Comprar articulo con una tarjeta de Credito"]]>
              </value>
            </param>
          </params>
          <reporter-output>
          </reporter-output>
        </test-method> <!-- runScenario -->
        <test-method status="PASS" signature="runScenario(io.cucumber.testng.PickleWrapper, io.cucumber.testng.FeatureWrapper)[pri:0, instance:Support.runTest@43bd930a]" name="runScenario" duration-ms="25063" started-at="2022-11-02T08:44:56 BOT" description="Runs Cucumber Scenarios" data-provider="scenarios" finished-at="2022-11-02T08:45:21 BOT">
          <params>
            <param index="0">
              <value>
                <![CDATA["Cuando Realizo una compra de productos"]]>
              </value>
            </param>
            <param index="1">
              <value>
                <![CDATA["Comprar articulo con una tarjeta de Credito"]]>
              </value>
            </param>
          </params>
          <reporter-output>
          </reporter-output>
        </test-method> <!-- runScenario -->
        <test-method status="PASS" signature="runScenario(io.cucumber.testng.PickleWrapper, io.cucumber.testng.FeatureWrapper)[pri:0, instance:Support.runTest@43bd930a]" name="runScenario" duration-ms="23175" started-at="2022-11-02T08:45:21 BOT" description="Runs Cucumber Scenarios" data-provider="scenarios" finished-at="2022-11-02T08:45:44 BOT">
          <params>
            <param index="0">
              <value>
                <![CDATA["Cuando Realizo una compra de productos"]]>
              </value>
            </param>
            <param index="1">
              <value>
                <![CDATA["Comprar articulo con una tarjeta de Credito"]]>
              </value>
            </param>
          </params>
          <reporter-output>
          </reporter-output>
        </test-method> <!-- runScenario -->
        <test-method status="PASS" signature="tearDownClass()[pri:0, instance:Support.runTest@43bd930a]" name="tearDownClass" is-config="true" duration-ms="1" started-at="2022-11-02T08:45:44 BOT" finished-at="2022-11-02T08:45:44 BOT">
          <reporter-output>
          </reporter-output>
        </test-method> <!-- tearDownClass -->
      </class> <!-- Support.runTest -->
    </test> <!-- Test Edge -->
    <test name="Test Firefox" duration-ms="436048" started-at="2022-11-02T08:45:44 BOT" finished-at="2022-11-02T08:53:01 BOT">
      <class name="Support.runTest">
        <test-method status="PASS" signature="setUpClass()[pri:0, instance:Support.runTest@cb0ed20]" name="setUpClass" is-config="true" duration-ms="7" started-at="2022-11-02T08:45:44 BOT" finished-at="2022-11-02T08:45:44 BOT">
          <reporter-output>
          </reporter-output>
        </test-method> <!-- setUpClass -->
        <test-method status="PASS" signature="setUpScenario(java.lang.String)[pri:0, instance:Support.runTest@cb0ed20]" name="setUpScenario" is-config="true" duration-ms="0" started-at="2022-11-02T08:45:44 BOT" finished-at="2022-11-02T08:45:44 BOT">
          <params>
            <param index="0">
              <value>
                <![CDATA[firefox]]>
              </value>
            </param>
          </params>
          <reporter-output>
          </reporter-output>
        </test-method> <!-- setUpScenario -->
        <test-method status="PASS" signature="runScenario(io.cucumber.testng.PickleWrapper, io.cucumber.testng.FeatureWrapper)[pri:0, instance:Support.runTest@cb0ed20]" name="runScenario" duration-ms="402467" started-at="2022-11-02T08:45:44 BOT" description="Runs Cucumber Scenarios" data-provider="scenarios" finished-at="2022-11-02T08:52:27 BOT">
          <params>
            <param index="0">
              <value>
                <![CDATA["Comprar solo un producto"]]>
              </value>
            </param>
            <param index="1">
              <value>
                <![CDATA["Comprar articulo con una tarjeta de Credito"]]>
              </value>
            </param>
          </params>
          <reporter-output>
          </reporter-output>
        </test-method> <!-- runScenario -->
        <test-method status="FAIL" signature="runScenario(io.cucumber.testng.PickleWrapper, io.cucumber.testng.FeatureWrapper)[pri:0, instance:Support.runTest@cb0ed20]" name="runScenario" duration-ms="23286" started-at="2022-11-02T08:52:27 BOT" description="Runs Cucumber Scenarios" data-provider="scenarios" finished-at="2022-11-02T08:52:50 BOT">
          <params>
            <param index="0">
              <value>
                <![CDATA["Cuando Realizo una compra de productos"]]>
              </value>
            </param>
            <param index="1">
              <value>
                <![CDATA["Comprar articulo con una tarjeta de Credito"]]>
              </value>
            </param>
          </params>
          <exception class="org.openqa.selenium.NoSuchWindowException">
            <message>
              <![CDATA[Browsing context has been discarded
Build info: version: '3.141.59', revision: 'e82be7d358', time: '2018-11-14T08:17:03'
System info: host: 'DESKTOP-T84OJOU', ip: '192.168.0.13', os.name: 'Windows 8.1', os.arch: 'amd64', os.version: '6.3', java.version: '1.8.0_31'
Driver info: org.openqa.selenium.firefox.FirefoxDriver
Capabilities {acceptInsecureCerts: true, browserName: firefox, browserVersion: 106.0.3, javascriptEnabled: true, moz:accessibilityChecks: false, moz:buildID: 20221030091646, moz:geckodriverVersion: 0.32.0, moz:headless: false, moz:platformVersion: 10.0, moz:processID: 27520, moz:profile: C:\Users\MARCO\AppData\Loca..., moz:shutdownTimeout: 60000, moz:useNonSpecCompliantPointerOrigin: false, moz:webdriverClick: true, moz:windowless: false, pageLoadStrategy: normal, platform: WINDOWS, platformName: WINDOWS, proxy: Proxy(), setWindowRect: true, strictFileInteractability: false, timeouts: {implicit: 0, pageLoad: 300000, script: 30000}, unhandledPromptBehavior: dismiss and notify}
Session ID: 347f62ff-a2d4-451e-97fa-92d74eaeb2a4
*** Element info: {Using=xpath, value=//a[text()='Generate Card Number']}]]>
            </message>
            <full-stacktrace>
              <![CDATA[org.openqa.selenium.NoSuchWindowException: Browsing context has been discarded
Build info: version: '3.141.59', revision: 'e82be7d358', time: '2018-11-14T08:17:03'
System info: host: 'DESKTOP-T84OJOU', ip: '192.168.0.13', os.name: 'Windows 8.1', os.arch: 'amd64', os.version: '6.3', java.version: '1.8.0_31'
Driver info: org.openqa.selenium.firefox.FirefoxDriver
Capabilities {acceptInsecureCerts: true, browserName: firefox, browserVersion: 106.0.3, javascriptEnabled: true, moz:accessibilityChecks: false, moz:buildID: 20221030091646, moz:geckodriverVersion: 0.32.0, moz:headless: false, moz:platformVersion: 10.0, moz:processID: 27520, moz:profile: C:\Users\MARCO\AppData\Loca..., moz:shutdownTimeout: 60000, moz:useNonSpecCompliantPointerOrigin: false, moz:webdriverClick: true, moz:windowless: false, pageLoadStrategy: normal, platform: WINDOWS, platformName: WINDOWS, proxy: Proxy(), setWindowRect: true, strictFileInteractability: false, timeouts: {implicit: 0, pageLoad: 300000, script: 30000}, unhandledPromptBehavior: dismiss and notify}
Session ID: 347f62ff-a2d4-451e-97fa-92d74eaeb2a4
*** Element info: {Using=xpath, value=//a[text()='Generate Card Number']}
at sun.reflect.NativeConstructorAccessorImpl.newInstance0(Native Method)
at sun.reflect.NativeConstructorAccessorImpl.newInstance(NativeConstructorAccessorImpl.java:62)
at sun.reflect.DelegatingConstructorAccessorImpl.newInstance(DelegatingConstructorAccessorImpl.java:45)
at java.lang.reflect.Constructor.newInstance(Constructor.java:408)
at org.openqa.selenium.remote.http.W3CHttpResponseCodec.createException(W3CHttpResponseCodec.java:187)
at org.openqa.selenium.remote.http.W3CHttpResponseCodec.decode(W3CHttpResponseCodec.java:122)
at org.openqa.selenium.remote.http.W3CHttpResponseCodec.decode(W3CHttpResponseCodec.java:49)
at org.openqa.selenium.remote.HttpCommandExecutor.execute(HttpCommandExecutor.java:158)
at org.openqa.selenium.remote.service.DriverCommandExecutor.execute(DriverCommandExecutor.java:83)
at org.openqa.selenium.remote.RemoteWebDriver.execute(RemoteWebDriver.java:552)
at org.openqa.selenium.remote.RemoteWebDriver.findElement(RemoteWebDriver.java:323)
at org.openqa.selenium.remote.RemoteWebDriver.findElementByXPath(RemoteWebDriver.java:428)
at org.openqa.selenium.By$ByXPath.findElement(By.java:353)
at org.openqa.selenium.remote.RemoteWebDriver.findElement(RemoteWebDriver.java:315)
at Support.Control.findControl(Control.java:31)
at Support.Control.click(Control.java:36)
at PageObjects.MenuPage.clickGenerarTarjeta(MenuPage.java:17)
at Definitions.CarritoDefinitions.douClickEnGenerarTarjeta(CarritoDefinitions.java:34)
at ✽.doy click en generar tarjeta(file:///D:/Banco%20Fassil/Practica%20Selenium/src/test/resources/features/carrito.feature:8)
]]>
            </full-stacktrace>
          </exception> <!-- org.openqa.selenium.NoSuchWindowException -->
          <reporter-output>
          </reporter-output>
        </test-method> <!-- runScenario -->
        <test-method status="FAIL" signature="runScenario(io.cucumber.testng.PickleWrapper, io.cucumber.testng.FeatureWrapper)[pri:0, instance:Support.runTest@cb0ed20]" name="runScenario" duration-ms="10272" started-at="2022-11-02T08:52:50 BOT" description="Runs Cucumber Scenarios" data-provider="scenarios" finished-at="2022-11-02T08:53:01 BOT">
          <params>
            <param index="0">
              <value>
                <![CDATA["Cuando Realizo una compra de productos"]]>
              </value>
            </param>
            <param index="1">
              <value>
                <![CDATA["Comprar articulo con una tarjeta de Credito"]]>
              </value>
            </param>
          </params>
          <exception class="org.openqa.selenium.NoSuchWindowException">
            <message>
              <![CDATA[Browsing context has been discarded
Build info: version: '3.141.59', revision: 'e82be7d358', time: '2018-11-14T08:17:03'
System info: host: 'DESKTOP-T84OJOU', ip: '192.168.0.13', os.name: 'Windows 8.1', os.arch: 'amd64', os.version: '6.3', java.version: '1.8.0_31'
Driver info: org.openqa.selenium.firefox.FirefoxDriver
Capabilities {acceptInsecureCerts: true, browserName: firefox, browserVersion: 106.0.3, javascriptEnabled: true, moz:accessibilityChecks: false, moz:buildID: 20221030091646, moz:geckodriverVersion: 0.32.0, moz:headless: false, moz:platformVersion: 10.0, moz:processID: 31016, moz:profile: C:\Users\MARCO\AppData\Loca..., moz:shutdownTimeout: 60000, moz:useNonSpecCompliantPointerOrigin: false, moz:webdriverClick: true, moz:windowless: false, pageLoadStrategy: normal, platform: WINDOWS, platformName: WINDOWS, proxy: Proxy(), setWindowRect: true, strictFileInteractability: false, timeouts: {implicit: 0, pageLoad: 300000, script: 30000}, unhandledPromptBehavior: dismiss and notify}
Session ID: 8b7824c7-4b7b-45c6-bfbe-21c37946a049
*** Element info: {Using=xpath, value=//a[text()='Generate Card Number']}]]>
            </message>
            <full-stacktrace>
              <![CDATA[org.openqa.selenium.NoSuchWindowException: Browsing context has been discarded
Build info: version: '3.141.59', revision: 'e82be7d358', time: '2018-11-14T08:17:03'
System info: host: 'DESKTOP-T84OJOU', ip: '192.168.0.13', os.name: 'Windows 8.1', os.arch: 'amd64', os.version: '6.3', java.version: '1.8.0_31'
Driver info: org.openqa.selenium.firefox.FirefoxDriver
Capabilities {acceptInsecureCerts: true, browserName: firefox, browserVersion: 106.0.3, javascriptEnabled: true, moz:accessibilityChecks: false, moz:buildID: 20221030091646, moz:geckodriverVersion: 0.32.0, moz:headless: false, moz:platformVersion: 10.0, moz:processID: 31016, moz:profile: C:\Users\MARCO\AppData\Loca..., moz:shutdownTimeout: 60000, moz:useNonSpecCompliantPointerOrigin: false, moz:webdriverClick: true, moz:windowless: false, pageLoadStrategy: normal, platform: WINDOWS, platformName: WINDOWS, proxy: Proxy(), setWindowRect: true, strictFileInteractability: false, timeouts: {implicit: 0, pageLoad: 300000, script: 30000}, unhandledPromptBehavior: dismiss and notify}
Session ID: 8b7824c7-4b7b-45c6-bfbe-21c37946a049
*** Element info: {Using=xpath, value=//a[text()='Generate Card Number']}
at sun.reflect.NativeConstructorAccessorImpl.newInstance0(Native Method)
at sun.reflect.NativeConstructorAccessorImpl.newInstance(NativeConstructorAccessorImpl.java:62)
at sun.reflect.DelegatingConstructorAccessorImpl.newInstance(DelegatingConstructorAccessorImpl.java:45)
at java.lang.reflect.Constructor.newInstance(Constructor.java:408)
at org.openqa.selenium.remote.http.W3CHttpResponseCodec.createException(W3CHttpResponseCodec.java:187)
at org.openqa.selenium.remote.http.W3CHttpResponseCodec.decode(W3CHttpResponseCodec.java:122)
at org.openqa.selenium.remote.http.W3CHttpResponseCodec.decode(W3CHttpResponseCodec.java:49)
at org.openqa.selenium.remote.HttpCommandExecutor.execute(HttpCommandExecutor.java:158)
at org.openqa.selenium.remote.service.DriverCommandExecutor.execute(DriverCommandExecutor.java:83)
at org.openqa.selenium.remote.RemoteWebDriver.execute(RemoteWebDriver.java:552)
at org.openqa.selenium.remote.RemoteWebDriver.findElement(RemoteWebDriver.java:323)
at org.openqa.selenium.remote.RemoteWebDriver.findElementByXPath(RemoteWebDriver.java:428)
at org.openqa.selenium.By$ByXPath.findElement(By.java:353)
at org.openqa.selenium.remote.RemoteWebDriver.findElement(RemoteWebDriver.java:315)
at Support.Control.findControl(Control.java:31)
at Support.Control.click(Control.java:36)
at PageObjects.MenuPage.clickGenerarTarjeta(MenuPage.java:17)
at Definitions.CarritoDefinitions.douClickEnGenerarTarjeta(CarritoDefinitions.java:34)
at ✽.doy click en generar tarjeta(file:///D:/Banco%20Fassil/Practica%20Selenium/src/test/resources/features/carrito.feature:8)
]]>
            </full-stacktrace>
          </exception> <!-- org.openqa.selenium.NoSuchWindowException -->
          <reporter-output>
          </reporter-output>
        </test-method> <!-- runScenario -->
        <test-method status="PASS" signature="tearDownClass()[pri:0, instance:Support.runTest@cb0ed20]" name="tearDownClass" is-config="true" duration-ms="3" started-at="2022-11-02T08:53:01 BOT" finished-at="2022-11-02T08:53:01 BOT">
          <reporter-output>
          </reporter-output>
        </test-method> <!-- tearDownClass -->
        <test-method status="PASS" signature="finish()[pri:0, instance:Support.runTest@cb0ed20]" name="finish" is-config="true" duration-ms="88" started-at="2022-11-02T08:53:01 BOT" finished-at="2022-11-02T08:53:01 BOT">
          <reporter-output>
          </reporter-output>
        </test-method> <!-- finish -->
      </class> <!-- Support.runTest -->
    </test> <!-- Test Firefox -->
  </suite> <!-- SuiteMarco -->
</testng-results>
