<?xml version="1.0" encoding="UTF-8"?>
<!-- Generated by org.testng.reporters.JUnitXMLReporter -->
<testsuite hostname="DESKTOP-T84OJOU" ignored="0" name="Test Chrome" tests="3" failures="1" timestamp="2022-11-06T21:45:07 BOT" time="88.777" errors="0">
  <testcase name="runScenario" time="26.687" classname="io.cucumber.testng.AbstractTestNGCucumberTests"/>
  <testcase name="runScenario" time="26.96" classname="io.cucumber.testng.AbstractTestNGCucumberTests">
    <failure type="org.openqa.selenium.UnhandledAlertException" message="unexpected alert open: {Alert text : Check card number is 16 digits!}
  (Session info: chrome=107.0.5304.88): Check card number is 16 digits!
Build info: version: &amp;apos;3.141.59&amp;apos;, revision: &amp;apos;e82be7d358&amp;apos;, time: &amp;apos;2018-11-14T08:17:03&amp;apos;
System info: host: &amp;apos;DESKTOP-T84OJOU&amp;apos;, ip: &amp;apos;192.168.0.13&amp;apos;, os.name: &amp;apos;Windows 8.1&amp;apos;, os.arch: &amp;apos;amd64&amp;apos;, os.version: &amp;apos;6.3&amp;apos;, java.version: &amp;apos;1.8.0_31&amp;apos;
Driver info: org.openqa.selenium.chrome.ChromeDriver
Capabilities {acceptInsecureCerts: false, browserName: chrome, browserVersion: 107.0.5304.88, chrome: {chromedriverVersion: 107.0.5304.62 (1eec40d3a576..., userDataDir: C:\Users\MARCO\AppData\Loca...}, goog:chromeOptions: {debuggerAddress: localhost:63985}, javascriptEnabled: true, networkConnectionEnabled: false, pageLoadStrategy: normal, platform: WINDOWS, platformName: WINDOWS, proxy: Proxy(), setWindowRect: true, strictFileInteractability: false, timeouts: {implicit: 0, pageLoad: 300000, script: 30000}, unhandledPromptBehavior: dismiss and notify, webauthn:extension:credBlob: true, webauthn:extension:largeBlob: true, webauthn:virtualAuthenticators: true}
Session ID: 9ee6246fef24d6a9ba81326aa1e343b0
*** Element info: {Using=xpath, value=//h2[1]}">
      <![CDATA[org.openqa.selenium.UnhandledAlertException: unexpected alert open: {Alert text : Check card number is 16 digits!}
  (Session info: chrome=107.0.5304.88): Check card number is 16 digits!
Build info: version: '3.141.59', revision: 'e82be7d358', time: '2018-11-14T08:17:03'
System info: host: 'DESKTOP-T84OJOU', ip: '192.168.0.13', os.name: 'Windows 8.1', os.arch: 'amd64', os.version: '6.3', java.version: '1.8.0_31'
Driver info: org.openqa.selenium.chrome.ChromeDriver
Capabilities {acceptInsecureCerts: false, browserName: chrome, browserVersion: 107.0.5304.88, chrome: {chromedriverVersion: 107.0.5304.62 (1eec40d3a576..., userDataDir: C:\Users\MARCO\AppData\Loca...}, goog:chromeOptions: {debuggerAddress: localhost:63985}, javascriptEnabled: true, networkConnectionEnabled: false, pageLoadStrategy: normal, platform: WINDOWS, platformName: WINDOWS, proxy: Proxy(), setWindowRect: true, strictFileInteractability: false, timeouts: {implicit: 0, pageLoad: 300000, script: 30000}, unhandledPromptBehavior: dismiss and notify, webauthn:extension:credBlob: true, webauthn:extension:largeBlob: true, webauthn:virtualAuthenticators: true}
Session ID: 9ee6246fef24d6a9ba81326aa1e343b0
*** Element info: {Using=xpath, value=//h2[1]}
at org.openqa.selenium.remote.http.W3CHttpResponseCodec.decode(W3CHttpResponseCodec.java:120)
at org.openqa.selenium.remote.http.W3CHttpResponseCodec.decode(W3CHttpResponseCodec.java:49)
at org.openqa.selenium.remote.HttpCommandExecutor.execute(HttpCommandExecutor.java:158)
at org.openqa.selenium.remote.service.DriverCommandExecutor.execute(DriverCommandExecutor.java:83)
at org.openqa.selenium.remote.RemoteWebDriver.execute(RemoteWebDriver.java:552)
at org.openqa.selenium.remote.RemoteWebDriver.findElement(RemoteWebDriver.java:323)
at org.openqa.selenium.remote.RemoteWebDriver.findElementByXPath(RemoteWebDriver.java:428)
at org.openqa.selenium.By$ByXPath.findElement(By.java:353)
at org.openqa.selenium.remote.RemoteWebDriver.findElement(RemoteWebDriver.java:315)
at Support.Control.findControl(Control.java:31)
at Support.Control.isEquals(Control.java:42)
at PageObjects.CapturarRegistroCompraPage.leerPagoExitoso(CapturarRegistroCompraPage.java:9)
at Definitions.CarritoDefinitions.validoElPagoExitoso(CarritoDefinitions.java:89)
at ✽.Valido el pago exitoso "Payment successfull!"(file:///D:/Banco%20Fassil/Practica%20Selenium/src/test/resources/features/carrito.feature:23)
]]>
    </failure>
  </testcase> <!-- runScenario -->
  <testcase name="runScenario" time="34.252" classname="io.cucumber.testng.AbstractTestNGCucumberTests"/>
</testsuite> <!-- Test Chrome -->
